timestamp: 2014-05-10T21:32:21.977389
CREATE TABLE auth_user(
    id INTEGER PRIMARY KEY AUTOINCREMENT,
    first_name CHAR(128),
    last_name CHAR(128),
    email CHAR(512),
    password CHAR(512),
    registration_key CHAR(512),
    reset_password_key CHAR(512),
    registration_id CHAR(512)
);
success!
timestamp: 2014-05-10T21:32:21.980054
CREATE TABLE auth_group(
    id INTEGER PRIMARY KEY AUTOINCREMENT,
    role CHAR(512),
    description TEXT
);
success!
timestamp: 2014-05-10T21:32:21.983132
CREATE TABLE auth_membership(
    id INTEGER PRIMARY KEY AUTOINCREMENT,
    user_id INTEGER REFERENCES auth_user (id) ON DELETE CASCADE,
    group_id INTEGER REFERENCES auth_group (id) ON DELETE CASCADE
);
success!
timestamp: 2014-05-10T21:32:21.985722
CREATE TABLE auth_permission(
    id INTEGER PRIMARY KEY AUTOINCREMENT,
    group_id INTEGER REFERENCES auth_group (id) ON DELETE CASCADE,
    name CHAR(512),
    table_name CHAR(512),
    record_id INTEGER
);
success!
timestamp: 2014-05-10T21:32:21.988329
CREATE TABLE auth_event(
    id INTEGER PRIMARY KEY AUTOINCREMENT,
    time_stamp TIMESTAMP,
    client_ip CHAR(512),
    user_id INTEGER REFERENCES auth_user (id) ON DELETE CASCADE,
    origin CHAR(512),
    description TEXT
);
success!
timestamp: 2014-05-10T21:32:21.990161
CREATE TABLE auth_cas(
    id INTEGER PRIMARY KEY AUTOINCREMENT,
    user_id INTEGER REFERENCES auth_user (id) ON DELETE CASCADE,
    created_on TIMESTAMP,
    service CHAR(512),
    ticket CHAR(512),
    renew CHAR(1)
);
success!
timestamp: 2014-05-11T16:15:41.322373
CREATE TABLE folder(
    id INTEGER PRIMARY KEY AUTOINCREMENT,
    title CHAR(512) NOT NULL,
    f_path TEXT NOT NULL,
    f_size INTEGER
);
success!
timestamp: 2014-05-11T16:15:41.325280
CREATE TABLE tag(
    id INTEGER PRIMARY KEY AUTOINCREMENT,
    tag_name CHAR(512) NOT NULL UNIQUE,
    color CHAR(512) NOT NULL UNIQUE,
    t_size INTEGER
);
success!
timestamp: 2014-05-11T16:15:41.327847
CREATE TABLE url(
    id INTEGER PRIMARY KEY AUTOINCREMENT,
    created_on TIMESTAMP,
    modified_on TIMESTAMP,
    visited_on TIMESTAMP,
    created_by INTEGER REFERENCES auth_user (id) ON DELETE CASCADE,
    title CHAR(512) NOT NULL,
    url TEXT NOT NULL UNIQUE,
    note TEXT
);
success!
timestamp: 2014-05-11T16:19:26.172713
ALTER TABLE folder ADD created_by INTEGER REFERENCES auth_user (id) ON DELETE CASCADE;
success!
timestamp: 2014-05-11T16:19:26.178382
ALTER TABLE tag ADD created_by INTEGER REFERENCES auth_user (id) ON DELETE CASCADE;
success!
